0 info it worked if it ends with ok
1 verbose cli [
1 verbose cli   '/data/data/com.termux/files/usr/bin/node',
1 verbose cli   '/data/data/com.termux/files/usr/bin/npm',
1 verbose cli   'start'
1 verbose cli ]
2 info using npm@6.14.6
3 info using node@v12.18.3
4 verbose run-script [ 'prestart', 'start', 'poststart' ]
5 info lifecycle Tiringa-BOT@0.13.0~prestart: Tiringa-BOT@0.13.0
6 info lifecycle Tiringa-BOT@0.13.0~start: Tiringa-BOT@0.13.0
7 verbose lifecycle Tiringa-BOT@0.13.0~start: unsafe-perm in lifecycle true
8 verbose lifecycle Tiringa-BOT@0.13.0~start: PATH: /data/data/com.termux/files/usr/lib/node_modules/npm/node_modules/npm-lifecycle/node-gyp-bin:/data/data/com.termux/files/home/Tiringa-BOT/node_modules/.bin:/data/data/com.termux/files/usr/bin:/data/data/com.termux/files/usr/bin/applets
9 verbose lifecycle Tiringa-BOT@0.13.0~start: CWD: /data/data/com.termux/files/home/Tiringa-BOT
10 silly lifecycle Tiringa-BOT@0.13.0~start: Args: [ '-c', 'node index.js' ]
11 silly lifecycle Tiringa-BOT@0.13.0~start: Returned: code: 1  signal: null
12 info lifecycle Tiringa-BOT@0.13.0~start: Failed to exec start script
13 verbose stack Error: Tiringa-BOT@0.13.0 start: `node index.js`
13 verbose stack Exit status 1
13 verbose stack     at EventEmitter.<anonymous> (/data/data/com.termux/files/usr/lib/node_modules/npm/node_modules/npm-lifecycle/index.js:332:16)
13 verbose stack     at EventEmitter.emit (events.js:315:20)
13 verbose stack     at ChildProcess.<anonymous> (/data/data/com.termux/files/usr/lib/node_modules/npm/node_modules/npm-lifecycle/lib/spawn.js:55:14)
13 verbose stack     at ChildProcess.emit (events.js:315:20)
13 verbose stack     at maybeClose (internal/child_process.js:1021:16)
13 verbose stack     at Process.ChildProcess._handle.onexit (internal/child_process.js:286:5)
14 verbose pkgid Tiringa-BOT@0.13.0
15 verbose cwd /data/data/com.termux/files/home/Tiringa-BOT
16 verbose Linux 4.9.186-perf-20026490
17 verbose argv "/data/data/com.termux/files/usr/bin/node" "/data/data/com.termux/files/usr/bin/npm" "start"
18 verbose node v12.18.3
19 verbose npm  v6.14.6
20 error code ELIFECYCLE
21 error errno 1
22 error Tiringa-BOT@0.13.0 start: `node index.js`
22 error Exit status 1
23 error Failed at the Tiringa-BOT@0.13.0 start script.
23 error This is probably not a problem with npm. There is likely additional logging output above.
24 verbose exit [ 1, true ]
